<?xml version="1.0" encoding="UTF-8"?>
<testsuite name="ru.stqa.pft.newaddresbook.newtests.GroupDeletionTests" tests="1" skipped="0" failures="0" errors="0" timestamp="2018-11-19T18:28:44" hostname="Dima-vt" time="1.359">
  <properties/>
  <testcase name="testGroupDeletion" classname="ru.stqa.pft.newaddresbook.newtests.GroupDeletionTests" time="1.359"/>
  <system-out><![CDATA[]]></system-out>
  <system-err><![CDATA[]]></system-err>
</testsuite>
