<?xml version="1.0" encoding="UTF-8"?>
<testsuite name="ru.stqa.pft.newaddresbook.newtests.GroupModificationTests" tests="1" skipped="0" failures="0" errors="0" timestamp="2018-11-19T18:28:41" hostname="Dima-vt" time="2.5">
  <properties/>
  <testcase name="testModificationGroup" classname="ru.stqa.pft.newaddresbook.newtests.GroupModificationTests" time="2.5"/>
  <system-out><![CDATA[]]></system-out>
  <system-err><![CDATA[]]></system-err>
</testsuite>
