<?xml version="1.0" encoding="UTF-8"?>
<testsuite name="ru.stqa.pft.newaddresbook.newtests.GroupCreationTests" tests="3" skipped="0" failures="0" errors="0" timestamp="2018-11-19T18:28:34" hostname="Dima-vt" time="7.648">
  <properties/>
  <testcase name="testCreationNewGroup[0](GroupData{id='2147483647', name='test 0'})" classname="ru.stqa.pft.newaddresbook.newtests.GroupCreationTests" time="3.127"/>
  <testcase name="testCreationNewGroup[1](GroupData{id='2147483647', name='test 1'})" classname="ru.stqa.pft.newaddresbook.newtests.GroupCreationTests" time="2.021"/>
  <testcase name="testCreationNewGroup[2](GroupData{id='2147483647', name='test 2'})" classname="ru.stqa.pft.newaddresbook.newtests.GroupCreationTests" time="2.484"/>
  <system-out><![CDATA[]]></system-out>
  <system-err><![CDATA[]]></system-err>
</testsuite>
