<?xml version="1.0" encoding="UTF-8"?>
<testsuite name="ru.stqa.pft.newaddresbook.newtests.ContactModificationTests" tests="1" skipped="0" failures="0" errors="0" timestamp="2018-11-19T18:31:01" hostname="Dima-vt" time="3.718">
  <properties/>
  <testcase name="testContactModification" classname="ru.stqa.pft.newaddresbook.newtests.ContactModificationTests" time="3.718"/>
  <system-out><![CDATA[]]></system-out>
  <system-err><![CDATA[]]></system-err>
</testsuite>
